Log file open, 09/27/18 12:57:30
LogWindows: Failed to load 'aqProf.dll' (GetLastError=126)
LogWindows: File 'aqProf.dll' does not exist
LogWindows: Failed to load 'VSPerf140.dll' (GetLastError=126)
LogWindows: File 'VSPerf140.dll' does not exist
LogWindows: Failed to load 'VtuneApi.dll' (GetLastError=126)
LogWindows: File 'VtuneApi.dll' does not exist
LogWindows: Failed to load 'VtuneApi32e.dll' (GetLastError=126)
LogWindows: File 'VtuneApi32e.dll' does not exist
LogInit: Display: Running engine for game: MyProject
LogPlatformFile: Not using cached read wrapper
LogInit: Display: RandInit(228280779) SRandInit(228280779).
LogInit: Read version file with build ID '3709383'
LogInit: Overriding engine version to CL 3794801, compatible CL 3709383
LogInit: Registered custom module enumerator with build ID '3709383'
LogTaskGraph: Started task graph with 5 named threads and 14 total threads with 3 sets of task threads.
LogStats: Stats thread started at 0.225063
LogD3D11RHI: Aftermath initialized
LogModuleManager: Display: Found up-to-date module file ../../../Engine/Plugins/2D/Paper2D/Binaries/Win64/UE4Editor-Paper2D.dll (API version 3709383).
LogModuleManager: Display: Found up-to-date module file ../../../Engine/Plugins/2D/Paper2D/Binaries/Win64/UE4Editor-Paper2DEditor.dll (API version 3709383).
LogModuleManager: Display: Found up-to-date module file ../../../Engine/Plugins/2D/Paper2D/Binaries/Win64/UE4Editor-PaperSpriteSheetImporter.dll (API version 3709383).
LogModuleManager: Display: Found up-to-date module file ../../../Engine/Plugins/2D/Paper2D/Binaries/Win64/UE4Editor-PaperTiledImporter.dll (API version 3709383).
LogModuleManager: Display: Found up-to-date module file ../../../Engine/Plugins/2D/Paper2D/Binaries/Win64/UE4Editor-SmartSnapping.dll (API version 3709383).
LogModuleManager: Display: Found up-to-date module file ../../../Engine/Plugins/Blendables/LightPropagationVolume/Binaries/Win64/UE4Editor-LightPropagationVolumeRuntime.dll (API version 3709383).
LogModuleManager: Display: Found up-to-date module file ../../../Engine/Plugins/Blendables/LightPropagationVolume/Binaries/Win64/UE4Editor-LightPropagationVolumeEditor.dll (API version 3709383).
LogModuleManager: Display: Found up-to-date module file ../../../Engine/Plugins/Developer/GitSourceControl/Binaries/Win64/UE4Editor-GitSourceControl.dll (API version 3709383).
LogModuleManager: Display: Found up-to-date module file ../../../Engine/Plugins/Developer/PerforceSourceControl/Binaries/Win64/UE4Editor-PerforceSourceControl.dll (API version 3709383).
LogModuleManager: Display: Found up-to-date module file ../../../Engine/Plugins/Developer/SubversionSourceControl/Binaries/Win64/UE4Editor-SubversionSourceControl.dll (API version 3709383).
LogModuleManager: Display: Found up-to-date module file ../../../Engine/Plugins/Developer/UObjectPlugin/Binaries/Win64/UE4Editor-UObjectPlugin.dll (API version 3709383).
LogModuleManager: Display: Found up-to-date module file ../../../Engine/Plugins/Developer/VisualStudioCodeSourceCodeAccess/Binaries/Win64/UE4Editor-VisualStudioCodeSourceCodeAccess.dll (API version 3709383).
LogModuleManager: Display: Found up-to-date module file ../../../Engine/Plugins/Developer/VisualStudioSourceCodeAccess/Binaries/Win64/UE4Editor-VisualStudioSourceCodeAccess.dll (API version 3709383).
LogModuleManager: Display: Found up-to-date module file ../../../Engine/Plugins/Editor/AssetManagerEditor/Binaries/Win64/UE4Editor-AssetManagerEditor.dll (API version 3709383).
LogModuleManager: Display: Found up-to-date module file ../../../Engine/Plugins/Editor/AudioCapture/Binaries/Win64/UE4Editor-AudioCapture.dll (API version 3709383).
LogModuleManager: Display: Found up-to-date module file ../../../Engine/Plugins/Editor/FacialAnimation/Binaries/Win64/UE4Editor-FacialAnimation.dll (API version 3709383).
LogModuleManager: Display: Found up-to-date module file ../../../Engine/Plugins/Editor/FacialAnimation/Binaries/Win64/UE4Editor-FacialAnimationEditor.dll (API version 3709383).
LogModuleManager: Display: Found up-to-date module file ../../../Engine/Plugins/Editor/GameplayTagsEditor/Binaries/Win64/UE4Editor-GameplayTagsEditor.dll (API version 3709383).
LogModuleManager: Display: Found up-to-date module file ../../../Engine/Plugins/Editor/MobileLauncherProfileWizard/Binaries/Win64/UE4Editor-MobileLauncherProfileWizard.dll (API version 3709383).
LogModuleManager: Display: Found up-to-date module file ../../../Engine/Plugins/Editor/PluginBrowser/Binaries/Win64/UE4Editor-PluginBrowser.dll (API version 3709383).
LogModuleManager: Display: Found up-to-date module file ../../../Engine/Plugins/Editor/SpeedTreeImporter/Binaries/Win64/UE4Editor-SpeedTreeImporter.dll (API version 3709383).
LogModuleManager: Display: Found up-to-date module file ../../../Engine/Plugins/Experimental/AlembicImporter/Binaries/Win64/UE4Editor-AlembicImporter.dll (API version 3709383).
LogModuleManager: Display: Found up-to-date module file ../../../Engine/Plugins/Experimental/AlembicImporter/Binaries/Win64/UE4Editor-AlembicLibrary.dll (API version 3709383).
LogModuleManager: Display: Found up-to-date module file ../../../Engine/Plugins/Experimental/CharacterAI/Binaries/Win64/UE4Editor-CharacterAI.dll (API version 3709383).
LogModuleManager: Display: Found up-to-date module file ../../../Engine/Plugins/Experimental/HTML5Networking/Binaries/Win64/UE4Editor-HTML5Networking.dll (API version 3709383).
LogModuleManager: Display: Found up-to-date module file ../../../Engine/Plugins/Media/AndroidMedia/Binaries/Win64/UE4Editor-AndroidMediaEditor.dll (API version 3709383).
LogModuleManager: Display: Found up-to-date module file ../../../Engine/Plugins/Media/AndroidMedia/Binaries/Win64/UE4Editor-AndroidMediaFactory.dll (API version 3709383).
LogModuleManager: Display: Found up-to-date module file ../../../Engine/Plugins/Media/AvfMedia/Binaries/Win64/UE4Editor-AvfMediaEditor.dll (API version 3709383).
LogModuleManager: Display: Found up-to-date module file ../../../Engine/Plugins/Media/AvfMedia/Binaries/Win64/UE4Editor-AvfMediaFactory.dll (API version 3709383).
LogModuleManager: Display: Found up-to-date module file ../../../Engine/Plugins/Media/AvfMedia/Binaries/Win64/UE4Editor-AvfMediaFactory.dll (API version 3709383).
LogModuleManager: Display: Found up-to-date module file ../../../Engine/Plugins/Media/ImgMedia/Binaries/Win64/UE4Editor-ImgMedia.dll (API version 3709383).
LogModuleManager: Display: Found up-to-date module file ../../../Engine/Plugins/Media/ImgMedia/Binaries/Win64/UE4Editor-ImgMediaEditor.dll (API version 3709383).
LogModuleManager: Display: Found up-to-date module file ../../../Engine/Plugins/Media/ImgMedia/Binaries/Win64/UE4Editor-ImgMediaFactory.dll (API version 3709383).
LogModuleManager: Display: Found up-to-date module file ../../../Engine/Plugins/Media/ImgMedia/Binaries/Win64/UE4Editor-ImgMediaFactory.dll (API version 3709383).
LogModuleManager: Display: Found up-to-date module file ../../../Engine/Plugins/Media/ImgMedia/Binaries/Win64/UE4Editor-OpenExrWrapper.dll (API version 3709383).
LogModuleManager: Display: Found up-to-date module file ../../../Engine/Plugins/Media/MediaCompositing/Binaries/Win64/UE4Editor-MediaCompositing.dll (API version 3709383).
LogModuleManager: Display: Found up-to-date module file ../../../Engine/Plugins/Media/MediaCompositing/Binaries/Win64/UE4Editor-MediaCompositingEditor.dll (API version 3709383).
LogModuleManager: Display: Found up-to-date module file ../../../Engine/Plugins/Media/MediaPlayerEditor/Binaries/Win64/UE4Editor-MediaPlayerEditor.dll (API version 3709383).
LogModuleManager: Display: Found up-to-date module file ../../../Engine/Plugins/Media/WmfMedia/Binaries/Win64/UE4Editor-WmfMedia.dll (API version 3709383).
LogModuleManager: Display: Found up-to-date module file ../../../Engine/Plugins/Media/WmfMedia/Binaries/Win64/UE4Editor-WmfMediaEditor.dll (API version 3709383).
LogModuleManager: Display: Found up-to-date module file ../../../Engine/Plugins/Media/WmfMedia/Binaries/Win64/UE4Editor-WmfMediaFactory.dll (API version 3709383).
LogModuleManager: Display: Found up-to-date module file ../../../Engine/Plugins/Media/WmfMedia/Binaries/Win64/UE4Editor-WmfMediaFactory.dll (API version 3709383).
LogModuleManager: Display: Found up-to-date module file ../../../Engine/Plugins/Messaging/TcpMessaging/Binaries/Win64/UE4Editor-TcpMessaging.dll (API version 3709383).
LogModuleManager: Display: Found up-to-date module file ../../../Engine/Plugins/Messaging/UdpMessaging/Binaries/Win64/UE4Editor-UdpMessaging.dll (API version 3709383).
LogModuleManager: Display: Found up-to-date module file ../../../Engine/Plugins/MovieScene/ActorSequence/Binaries/Win64/UE4Editor-ActorSequence.dll (API version 3709383).
LogModuleManager: Display: Found up-to-date module file ../../../Engine/Plugins/MovieScene/LevelSequenceEditor/Binaries/Win64/UE4Editor-LevelSequenceEditor.dll (API version 3709383).
LogModuleManager: Display: Found up-to-date module file ../../../Engine/Plugins/MovieScene/MatineeToLevelSequence/Binaries/Win64/UE4Editor-MatineeToLevelSequence.dll (API version 3709383).
LogModuleManager: Display: Found up-to-date module file ../../../Engine/Plugins/Online/OnlineSubsystem/Binaries/Win64/UE4Editor-OnlineSubsystem.dll (API version 3709383).
LogModuleManager: Display: Found up-to-date module file ../../../Engine/Plugins/Runtime/AndroidPermission/Binaries/Win64/UE4Editor-AndroidPermission.dll (API version 3709383).
LogModuleManager: Display: Found up-to-date module file ../../../Engine/Plugins/Online/OnlineSubsystemNull/Binaries/Win64/UE4Editor-OnlineSubsystemNull.dll (API version 3709383).
LogModuleManager: Display: Found up-to-date module file ../../../Engine/Plugins/Online/OnlineSubsystemUtils/Binaries/Win64/UE4Editor-OnlineSubsystemUtils.dll (API version 3709383).
LogModuleManager: Display: Found up-to-date module file ../../../Engine/Plugins/Online/OnlineSubsystemUtils/Binaries/Win64/UE4Editor-OnlineBlueprintSupport.dll (API version 3709383).
LogModuleManager: Display: Found up-to-date module file ../../../Engine/Plugins/Runtime/AndroidDeviceProfileSelector/Binaries/Win64/UE4Editor-AndroidDeviceProfileSelector.dll (API version 3709383).
LogModuleManager: Display: Found up-to-date module file ../../../Engine/Plugins/Runtime/AppleARKit/Binaries/Win64/UE4Editor-AppleARKit.dll (API version 3709383).
LogModuleManager: Display: Found up-to-date module file ../../../Engine/Plugins/Runtime/ArchVisCharacter/Binaries/Win64/UE4Editor-ArchVisCharacter.dll (API version 3709383).
LogModuleManager: Display: Found up-to-date module file ../../../Engine/Plugins/Runtime/CableComponent/Binaries/Win64/UE4Editor-CableComponent.dll (API version 3709383).
LogModuleManager: Display: Found up-to-date module file ../../../Engine/Plugins/Runtime/CustomMeshComponent/Binaries/Win64/UE4Editor-CustomMeshComponent.dll (API version 3709383).
LogModuleManager: Display: Found up-to-date module file ../../../Engine/Plugins/Runtime/ExampleDeviceProfileSelector/Binaries/Win64/UE4Editor-ExampleDeviceProfileSelector.dll (API version 3709383).
LogModuleManager: Display: Found up-to-date module file ../../../Engine/Plugins/Runtime/ImmediatePhysics/Binaries/Win64/UE4Editor-ImmediatePhysics.dll (API version 3709383).
LogModuleManager: Display: Found up-to-date module file ../../../Engine/Plugins/Runtime/ImmediatePhysics/Binaries/Win64/UE4Editor-ImmediatePhysicsEditor.dll (API version 3709383).
LogModuleManager: Display: Found up-to-date module file ../../../Engine/Plugins/Runtime/LocationServicesBPLibrary/Binaries/Win64/UE4Editor-LocationServicesBPLibrary.dll (API version 3709383).
LogModuleManager: Display: Found up-to-date module file ../../../Engine/Plugins/Runtime/MobilePatchingUtils/Binaries/Win64/UE4Editor-MobilePatchingUtils.dll (API version 3709383).
LogModuleManager: Display: Found up-to-date module file ../../../Engine/Plugins/Runtime/Oculus/OculusVR/Binaries/Win64/UE4Editor-OculusHMD.dll (API version 3709383).
LogModuleManager: Display: Found up-to-date module file ../../../Engine/Plugins/Runtime/Oculus/OculusVR/Binaries/Win64/UE4Editor-OculusInput.dll (API version 3709383).
LogModuleManager: Display: Found up-to-date module file ../../../Engine/Plugins/Runtime/Oculus/OculusVR/Binaries/Win64/UE4Editor-OculusEditor.dll (API version 3709383).
LogModuleManager: Display: Found up-to-date module file ../../../Engine/Plugins/Runtime/PhysXVehicles/Binaries/Win64/UE4Editor-PhysXVehicles.dll (API version 3709383).
LogModuleManager: Display: Found up-to-date module file ../../../Engine/Plugins/Runtime/PhysXVehicles/Binaries/Win64/UE4Editor-PhysXVehiclesEditor.dll (API version 3709383).
LogModuleManager: Display: Found up-to-date module file ../../../Engine/Plugins/Runtime/ProceduralMeshComponent/Binaries/Win64/UE4Editor-ProceduralMeshComponent.dll (API version 3709383).
LogModuleManager: Display: Found up-to-date module file ../../../Engine/Plugins/Runtime/ProceduralMeshComponent/Binaries/Win64/UE4Editor-ProceduralMeshComponentEditor.dll (API version 3709383).
LogModuleManager: Display: Found up-to-date module file ../../../Engine/Plugins/Runtime/RuntimePhysXCooking/Binaries/Win64/UE4Editor-RuntimePhysXCooking.dll (API version 3709383).
LogModuleManager: Display: Found up-to-date module file ../../../Engine/Plugins/Runtime/Steam/SteamVR/Binaries/Win64/UE4Editor-SteamVR.dll (API version 3709383).
LogModuleManager: Display: Found up-to-date module file ../../../Engine/Plugins/Runtime/Steam/SteamVR/Binaries/Win64/UE4Editor-SteamVRController.dll (API version 3709383).
LogModuleManager: Display: Found up-to-date module file ../../../Engine/Plugins/Runtime/WindowsMoviePlayer/Binaries/Win64/UE4Editor-WindowsMoviePlayer.dll (API version 3709383).
LogPluginManager: Mounting plugin Paper2D
LogPluginManager: Mounting plugin LightPropagationVolume
LogPluginManager: Mounting plugin CodeLiteSourceCodeAccess
LogPluginManager: Mounting plugin GitSourceControl
LogPluginManager: Mounting plugin KDevelopSourceCodeAccess
LogPluginManager: Mounting plugin NullSourceCodeAccess
LogPluginManager: Mounting plugin PerforceSourceControl
LogPluginManager: Mounting plugin SubversionSourceControl
LogPluginManager: Mounting plugin UObjectPlugin
LogPluginManager: Mounting plugin VisualStudioCodeSourceCodeAccess
LogPluginManager: Mounting plugin VisualStudioSourceCodeAccess
LogPluginManager: Mounting plugin XCodeSourceCodeAccess
LogPluginManager: Mounting plugin AssetManagerEditor
LogPluginManager: Mounting plugin AudioCapture
LogPluginManager: Mounting plugin FacialAnimation
LogPluginManager: Mounting plugin GameplayTagsEditor
LogPluginManager: Mounting plugin MobileLauncherProfileWizard
LogPluginManager: Mounting plugin PluginBrowser
LogPluginManager: Mounting plugin SpeedTreeImporter
LogPluginManager: Mounting plugin AlembicImporter
LogPluginManager: Mounting plugin CharacterAI
LogPluginManager: Mounting plugin HTML5Networking
LogPluginManager: Mounting plugin AndroidMedia
LogPluginManager: Mounting plugin AvfMedia
LogPluginManager: Mounting plugin ImgMedia
LogPluginManager: Mounting plugin MediaCompositing
LogPluginManager: Mounting plugin MediaPlayerEditor
LogPluginManager: Mounting plugin WmfMedia
LogPluginManager: Mounting plugin TcpMessaging
LogPluginManager: Mounting plugin UdpMessaging
LogPluginManager: Mounting plugin ActorSequence
LogPluginManager: Mounting plugin LevelSequenceEditor
LogPluginManager: Mounting plugin MatineeToLevelSequence
LogPluginManager: Mounting plugin OnlineSubsystemGooglePlay
LogPluginManager: Mounting plugin OnlineSubsystemIOS
LogPluginManager: Mounting plugin OnlineSubsystem
LogPluginManager: Mounting plugin OnlineSubsystemNull
LogPluginManager: Mounting plugin OnlineSubsystemUtils
LogPluginManager: Mounting plugin AndroidDeviceProfileSelector
LogPluginManager: Mounting plugin AndroidMoviePlayer
LogPluginManager: Mounting plugin AndroidPermission
LogPluginManager: Mounting plugin AppleARKit
LogPluginManager: Mounting plugin AppleMoviePlayer
LogPluginManager: Mounting plugin ArchVisCharacter
LogPluginManager: Mounting plugin CableComponent
LogPluginManager: Mounting plugin CustomMeshComponent
LogPluginManager: Mounting plugin ExampleDeviceProfileSelector
LogPluginManager: Mounting plugin GoogleCloudMessaging
LogPluginManager: Mounting plugin ImmediatePhysics
LogPluginManager: Mounting plugin IOSDeviceProfileSelector
LogPluginManager: Mounting plugin LinuxDeviceProfileSelector
LogPluginManager: Mounting plugin LocationServicesBPLibrary
LogPluginManager: Mounting plugin MobilePatchingUtils
LogPluginManager: Mounting plugin OculusVR
LogPluginManager: Plugin shader directory ../../../Engine/Plugins/Runtime/Oculus/OculusVR/Shaders found
LogPluginManager: Mapping shader source directory ../../../Engine/Plugins/Runtime/Oculus/OculusVR/Shaders to virtual directory /Plugin/OculusVR
LogPluginManager: Mounting plugin PhysXVehicles
LogPluginManager: Mounting plugin ProceduralMeshComponent
LogPluginManager: Mounting plugin RuntimePhysXCooking
LogPluginManager: Mounting plugin SteamVR
LogPluginManager: Mounting plugin WindowsMoviePlayer
LogInit: Using libcurl 7.47.1
LogInit:  - built for x86_64-pc-win32
LogInit:  - supports SSL with OpenSSL/1.0.2g
LogInit:  - supports HTTP deflate (compression) using libz 1.2.8
LogInit:  - other features:
LogInit:      CURL_VERSION_SSL
LogInit:      CURL_VERSION_LIBZ
LogInit:      CURL_VERSION_IPV6
LogInit:      CURL_VERSION_ASYNCHDNS
LogInit:      CURL_VERSION_LARGEFILE
LogInit:      CURL_VERSION_IDN
LogInit:  CurlRequestOptions (configurable via config and command line):
LogInit:  - bVerifyPeer = false  - Libcurl will NOT verify peer certificate
LogInit:  - bUseHttpProxy = false  - Libcurl will NOT use HTTP proxy
LogInit:  - bDontReuseConnections = false  - Libcurl will reuse connections
LogInit:  - CertBundlePath = nullptr  - Libcurl will use whatever was configured at build time.
LogInit: Build: ++UE4+Release-4.18-CL-3794801
LogInit: Engine Version: 4.18.2-3794801+++UE4+Release-4.18
LogInit: Compatible Engine Version: 4.18.0-3709383+++UE4+Release-4.18
LogInit: Net CL: 3709383
LogDevObjectVersion: Number of dev versions registered: 16
LogDevObjectVersion:   Dev-Blueprints (B0D832E4-1F89-4F0D-ACCF-7EB736FD4AA2): 10
LogDevObjectVersion:   Dev-Build (E1C64328-A22C-4D53-A36C-8E866417BD8C): 0
LogDevObjectVersion:   Dev-Core (375EC13C-06E4-48FB-B500-84F0262A717E): 2
LogDevObjectVersion:   Dev-Editor (E4B068ED-F494-42E9-A231-DA0B2E46BB41): 20
LogDevObjectVersion:   Dev-Framework (CFFC743F-43B0-4480-9391-14DF171D2073): 30
LogDevObjectVersion:   Dev-Mobile (B02B49B5-BB20-44E9-A304-32B752E40360): 0
LogDevObjectVersion:   Dev-Networking (A4E4105C-59A1-49B5-A7C5-40C4547EDFEE): 0
LogDevObjectVersion:   Dev-Online (39C831C9-5AE6-47DC-9A44-9C173E1C8E7C): 0
LogDevObjectVersion:   Dev-Physics (78F01B33-EBEA-4F98-B9B4-84EACCB95AA2): 0
LogDevObjectVersion:   Dev-Platform (6631380F-2D4D-43E0-8009-CF276956A95A): 0
LogDevObjectVersion:   Dev-Rendering (12F88B9F-8875-4AFC-A67C-D90C383ABD29): 20
LogDevObjectVersion:   Dev-Sequencer (7B5AE74C-D270-4C10-A958-57980B212A5A): 4
LogDevObjectVersion:   Dev-VR (D7296918-1DD6-4BDD-9DE2-64A83CC13884): 0
LogDevObjectVersion:   Dev-LoadTimes (C2A15278-BFE7-4AFE-6C17-90FF531DF755): 1
LogDevObjectVersion:   Private-Geometry (6EACA3D4-40EC-4CC1-B786-8BED09428FC5): 1
LogDevObjectVersion:   Dev-AnimPhys (29E575DD-E0A3-4627-9D10-D276232CDCEA): 12
LogInit: Compiled (64-bit): Dec  8 2017 02:04:53
LogInit: Compiled with Visual C++: 19.00.24215.01
LogInit: Build Configuration: Development
LogInit: Branch Name: ++UE4+Release-4.18
LogInit: Command line: -EpicPortal 
LogInit: Base directory: C:/Program Files/Epic Games/UE_4.18/Engine/Binaries/Win64/
LogInit: Installed Engine Build: 1
LogInit: Presizing for max 8388607 objects, including 0 objects not considered by GC, pre-allocating 0 bytes for permanent pool.
LogInit: Object subsystem initialized
[2018.09.27-04.57.34:260][  0]LogInit: Selected Device Profile: [Windows]
[2018.09.27-04.57.34:260][  0]LogInit: Applying CVar settings loaded from the selected device profile: [Windows]
[2018.09.27-04.57.34:269][  0]LogInit: Computer: CHAR-PC
[2018.09.27-04.57.34:269][  0]LogInit: User: char
[2018.09.27-04.57.34:269][  0]LogInit: CPU Page size=4096, Cores=4
[2018.09.27-04.57.34:269][  0]LogInit: High frequency timer resolution =3.328124 MHz
[2018.09.27-04.57.34:269][  0]LogMemory: Memory total: Physical=7.9GB (8GB approx)
[2018.09.27-04.57.34:269][  0]LogMemory: Platform Memory Stats for Windows
[2018.09.27-04.57.34:269][  0]LogMemory: Process Physical Memory: 272.25 MB used, 272.25 MB peak
[2018.09.27-04.57.34:269][  0]LogMemory: Process Virtual Memory: 263.74 MB used, 263.74 MB peak
[2018.09.27-04.57.34:269][  0]LogMemory: Physical Memory: 5308.14 MB used,  2821.42 MB free, 8129.57 MB total
[2018.09.27-04.57.34:269][  0]LogMemory: Virtual Memory: 638.09 MB used,  2821.42 MB free, 134217728.00 MB total
[2018.09.27-04.57.34:984][  0]LogInit: Using OS detected language (zh-CN).
[2018.09.27-04.57.34:984][  0]LogInit: Using OS detected locale (zh-CN).
[2018.09.27-04.57.35:116][  0]LogInit: Setting process to per monitor DPI aware
[2018.09.27-04.57.35:855][  0]LogD3D11RHI: D3D11 adapters:
[2018.09.27-04.57.35:902][  0]LogD3D11RHI:    0. 'NVIDIA GeForce GTX 750 Ti' (Feature Level 11_0)
[2018.09.27-04.57.35:902][  0]LogD3D11RHI:       2017/0/4064 MB DedicatedVideo/DedicatedSystem/SharedSystem, Outputs:2, VendorId:0x10de
[2018.09.27-04.57.35:904][  0]LogD3D11RHI:    1. 'Microsoft Basic Render Driver' (Feature Level 11_0)
[2018.09.27-04.57.35:904][  0]LogD3D11RHI:       0/0/4064 MB DedicatedVideo/DedicatedSystem/SharedSystem, Outputs:0, VendorId:0x1414
[2018.09.27-04.57.35:904][  0]LogD3D11RHI: Chosen D3D11 Adapter: 0
[2018.09.27-04.57.35:911][  0]LogD3D11RHI: Creating new Direct3DDevice
[2018.09.27-04.57.35:911][  0]LogD3D11RHI:     GPU DeviceId: 0x1380 (for the marketing name, search the web for "GPU Device Id")
[2018.09.27-04.57.35:911][  0]LogWindows: EnumDisplayDevices:
[2018.09.27-04.57.35:912][  0]LogWindows:    0. 'NVIDIA GeForce GTX 750 Ti' (P:1 D:1)
[2018.09.27-04.57.35:912][  0]LogWindows:    1. 'NVIDIA GeForce GTX 750 Ti' (P:0 D:1)
[2018.09.27-04.57.35:912][  0]LogWindows:    2. 'NVIDIA GeForce GTX 750 Ti' (P:0 D:0)
[2018.09.27-04.57.35:912][  0]LogWindows: DebugString: FoundDriverCount:3 
[2018.09.27-04.57.35:912][  0]LogD3D11RHI:     Adapter Name: NVIDIA GeForce GTX 750 Ti
[2018.09.27-04.57.35:912][  0]LogD3D11RHI:   Driver Version: 388.13 (internal:23.21.13.8813, unified:388.13)
[2018.09.27-04.57.35:912][  0]LogD3D11RHI:      Driver Date: 10-27-2017
[2018.09.27-04.57.35:912][  0]LogRHI: Texture pool is 1412 MB (70% of 2017 MB)
[2018.09.27-04.57.35:944][  0]LogD3D11RHI: Async texture creation enabled
[2018.09.27-04.57.35:954][  0]LogD3D11RHI: GPU Timing Frequency: 1000.000000 (Debug: 2 1)
[2018.09.27-04.57.36:003][  0]LogShaderCompilers: Guid format shader working directory is 26 characters bigger than the processId version (E:/Unreal Projects/MyProject/Intermediate/Shaders/WorkingDirectory/14648/).
[2018.09.27-04.57.36:004][  0]LogShaderCompilers: Cleaned the shader compiler working directory 'C:/Users/char.ALADINFUN/AppData/Local/Temp/UnrealShaderWorkingDir/C6E93A734C4CEB66D366519B6F3F6853/'.
[2018.09.27-04.57.36:004][  0]LogShaderCompilers: Display: Using Local Shader Compiler.
[2018.09.27-04.57.37:478][  0]LogTemp: Display: Loaded TP AllDesktopTargetPlatform
[2018.09.27-04.57.37:668][  0]LogTemp: Display: Loaded TP MacClientTargetPlatform
[2018.09.27-04.57.37:859][  0]LogTemp: Display: Loaded TP MacNoEditorTargetPlatform
[2018.09.27-04.57.38:048][  0]LogTemp: Display: Loaded TP MacServerTargetPlatform
[2018.09.27-04.57.38:237][  0]LogTemp: Display: Loaded TP MacTargetPlatform
[2018.09.27-04.57.38:426][  0]LogTemp: Display: Loaded TP WindowsClientTargetPlatform
[2018.09.27-04.57.38:614][  0]LogTemp: Display: Loaded TP WindowsNoEditorTargetPlatform
[2018.09.27-04.57.38:803][  0]LogTemp: Display: Loaded TP WindowsServerTargetPlatform
[2018.09.27-04.57.38:988][  0]LogTemp: Display: Loaded TP WindowsTargetPlatform
[2018.09.27-04.57.39:178][  0]LogTemp: Display: Loaded TP Android_ASTCTargetPlatform
[2018.09.27-04.57.39:365][  0]LogTemp: Display: Loaded TP Android_ATCTargetPlatform
[2018.09.27-04.57.39:554][  0]LogTemp: Display: Loaded TP Android_DXTTargetPlatform
[2018.09.27-04.57.39:744][  0]LogTemp: Display: Loaded TP Android_ETC1TargetPlatform
[2018.09.27-04.57.39:933][  0]LogTemp: Display: Loaded TP Android_ETC2TargetPlatform
[2018.09.27-04.57.40:313][  0]LogTemp: Display: Loaded TP Android_MultiTargetPlatform
[2018.09.27-04.57.40:313][  0]LogTemp: Display: Loaded TP Android_PVRTCTargetPlatform
[2018.09.27-04.57.40:502][  0]LogTemp: Display: Loaded TP AndroidTargetPlatform
[2018.09.27-04.57.40:681][  0]LogTemp: Display: Loaded TP HTML5TargetPlatform
[2018.09.27-04.57.40:980][  0]LogTemp: Display: Loaded TP IOSTargetPlatform
[2018.09.27-04.57.41:083][  0]LogTemp: Display: Loaded TP TVOSTargetPlatform
[2018.09.27-04.57.41:275][  0]LogTemp: Display: Loaded TP LinuxClientTargetPlatform
[2018.09.27-04.57.41:466][  0]LogTemp: Display: Loaded TP LinuxNoEditorTargetPlatform
[2018.09.27-04.57.41:654][  0]LogTemp: Display: Loaded TP LinuxServerTargetPlatform
[2018.09.27-04.57.41:846][  0]LogTemp: Display: Loaded TP LinuxTargetPlatform
[2018.09.27-04.57.41:846][  0]LogTargetPlatformManager: Display: Building Assets For Windows
[2018.09.27-04.57.43:874][  0]LogDerivedDataCache: Display: Max Cache Size: 512 MB
[2018.09.27-04.57.44:197][  0]LogDerivedDataCache: Loaded boot cache 0.32s 78MB C:/Users/char.ALADINFUN/AppData/Local/UnrealEngine/4.18/DerivedDataCache/Boot.ddc.
[2018.09.27-04.57.44:197][  0]LogDerivedDataCache: Display: Loaded Boot cache: C:/Users/char.ALADINFUN/AppData/Local/UnrealEngine/4.18/DerivedDataCache/Boot.ddc
[2018.09.27-04.57.44:197][  0]LogDerivedDataCache: FDerivedDataBackendGraph:  Pak pak cache file E:/Unreal Projects/MyProject/DerivedDataCache/DDC.ddp not found, will not use a pak cache.
[2018.09.27-04.57.44:197][  0]LogDerivedDataCache: Unable to find inner node Pak for hierarchical cache Hierarchy.
[2018.09.27-04.57.44:197][  0]LogDerivedDataCache: FDerivedDataBackendGraph:  CompressedPak pak cache file E:/Unreal Projects/MyProject/DerivedDataCache/Compressed.ddp not found, will not use a pak cache.
[2018.09.27-04.57.44:197][  0]LogDerivedDataCache: Unable to find inner node CompressedPak for hierarchical cache Hierarchy.
[2018.09.27-04.57.44:211][  0]LogDerivedDataCache: Display: Pak cache opened for reading ../../../Engine/DerivedDataCache/Compressed.ddp.
[2018.09.27-04.57.44:225][  0]LogDerivedDataCache: Using Local data cache path C:/Users/char.ALADINFUN/AppData/Local/UnrealEngine/Common/DerivedDataCache: Writable
[2018.09.27-04.57.44:234][  0]LogMaterial: Verifying Global Shaders for PCD3D_SM5
[2018.09.27-04.57.44:235][  0]LogSlate: Using Freetype 2.6.0
[2018.09.27-04.57.44:236][  0]LogSlate: SlateFontCache - WITH_FREETYPE: 1, WITH_HARFBUZZ: 1
[2018.09.27-04.57.44:236][  0]LogSlate: SlateFontCache - WITH_FREETYPE: 1, WITH_HARFBUZZ: 1
[2018.09.27-04.57.44:929][  0]LogInit: Selected Device Profile: [Windows]
[2018.09.27-04.57.46:003][  0]LogSimplygon: Simplygon DLL not present - disabling.
[2018.09.27-04.57.46:184][  0]LogMeshReduction: Using SimplygonSwarm for distributed automatic mesh merging
[2018.09.27-04.57.46:184][  0]LogMeshReduction: Using QuadricMeshReduction for automatic static mesh reduction
[2018.09.27-04.57.46:184][  0]LogMeshReduction: No automatic skeletal mesh reduction module available
[2018.09.27-04.57.46:184][  0]LogMeshReduction: No automatic mesh merging module available
[2018.09.27-04.57.46:184][  0]LogMeshMerging: No automatic mesh merging module available
[2018.09.27-04.57.46:228][  0]LogNetVersion: MyProject , NetCL: 3709383, EngineNetVer: 2, GameNetVer: 0 (Checksum: 1490074681)
[2018.09.27-04.57.46:570][  0]LogAssetRegistry: FAssetRegistry took 0.0254 seconds to start up
[2018.09.27-04.57.47:468][  0]LogPackageLocalizationCache: Processed 7 localized package path(s) for 4 prioritized culture(s) in 0.093331 seconds
[2018.09.27-04.57.47:474][  0]LogUObjectArray: 35900 objects as part of root set at end of initial load.
[2018.09.27-04.57.47:474][  0]LogUObjectAllocator: 7372024 out of 0 bytes used by permanent object pool.
[2018.09.27-04.57.47:474][  0]LogUObjectArray: CloseDisregardForGC: 0/0 objects in disregard for GC pool
[2018.09.27-04.57.47:743][  0]LogInit: WinSock: version 1.1 (2.2), MaxSocks=32767, MaxUdp=65467
[2018.09.27-04.57.56:688][  0]LogTcpMessaging: Initializing TcpMessaging bridge
[2018.09.27-04.57.56:828][  0]LogUdpMessaging: Initializing bridge on interface 0.0.0.0:0 to multicast group 230.0.0.1:6666.
[2018.09.27-04.57.59:247][  0]LogMaterial: Uniform references updated for custom material expression Custom.
[2018.09.27-04.58.00:717][  0]SourceControl: 源码控制已禁用
[2018.09.27-04.58.00:717][  0]SourceControl: 源码控制已禁用
[2018.09.27-04.58.00:932][  0]SourceControl: 源码控制已禁用
[2018.09.27-04.58.01:136][  0]SourceControl: 源码控制已禁用
[2018.09.27-04.58.04:312][  0]LogAndroidPermission: UAndroidPermissionCallbackProxy::GetInstance
[2018.09.27-04.58.05:364][  0]LogOcInput: OculusInput pre-init called
[2018.09.27-04.58.06:436][  0]LogEngine: Initializing Engine...
[2018.09.27-04.58.06:440][  0]LogHMD: Failed to initialize OpenVR with code 110
[2018.09.27-04.58.06:676][  0]LogStats: UGameplayTagsManager::ConstructGameplayTagTree: Construct from data asset -  0.000 s
[2018.09.27-04.58.06:676][  0]LogStats: UGameplayTagsManager::ConstructGameplayTagTree: GameplayTagTreeChangedEvent.Broadcast -  0.000 s
[2018.09.27-04.58.07:250][  0]LogAIModule: Creating AISystem for world Untitled
[2018.09.27-04.58.07:265][  0]LogInit: XAudio2 using '扬声器 (Realtek High Definition Audio)' : 2 channels at 48 kHz using 32 bits per sample (channel mask 0x3)
[2018.09.27-04.58.07:289][  0]LogInit: FAudioDevice initialized.
[2018.09.27-04.58.07:371][  0]LogDerivedDataCache: Saved boot cache 0.08s 78MB C:/Users/char.ALADINFUN/AppData/Local/UnrealEngine/4.18/DerivedDataCache/Boot.ddc.
[2018.09.27-04.58.07:382][  0]LogInit: Texture streaming: Enabled
[2018.09.27-04.58.07:853][  0]LogEngineSessionManager: EngineSessionManager initialized
[2018.09.27-04.58.07:853][  0]LogEngineSessionManager: EngineSessionManager sent abnormal shutdown report. Type=Crashed, SessionId={B297CD3E-4A0D-0CCA-A723-4DA1F3CBAB71}
[2018.09.27-04.58.08:417][  0]LogInit: Transaction tracking system initialized
[2018.09.27-04.58.09:833][  0]BlueprintLog: New page: 编辑器加载
[2018.09.27-04.58.13:889][  0]LocalizationService: 本地化服务已被禁用
[2018.09.27-04.58.17:065][  0]LogConsoleResponse: Display: 
[2018.09.27-04.58.17:368][  0]LogCook: Display: Max memory allowance for cook 16384mb min free memory 0mb
[2018.09.27-04.58.17:368][  0]LogCook: Display: Mobile HDR setting 1
[2018.09.27-04.58.17:368][  0]LogGameplayTags: Display: UGameplayTagsManager::DoneAddingNativeTags. DelegateIsBound: 0
[2018.09.27-04.58.18:353][  0]LogFileCache: Scanning file cache for directory 'E:/Unreal Projects/MyProject/Content/' took 0.01s
[2018.09.27-04.58.22:304][  0]SourceControl: 源码控制已禁用
[2018.09.27-04.58.22:305][  0]Cmd: MAP LOAD FILE="E:/Unreal Projects/MyProject/Content/StarterContent/Maps/Minimal_Default.umap" TEMPLATE=0 SHOWPROGRESS=1 FEATURELEVEL=3
[2018.09.27-04.58.22:305][  0]LightingResults: New page: 光照构建
[2018.09.27-04.58.22:492][  0]MapCheck: New page: 地图检测
[2018.09.27-04.58.22:492][  0]LightingResults: New page: 光照构建
[2018.09.27-04.58.22:805][  0]LogAIModule: Creating AISystem for world Minimal_Default
[2018.09.27-04.58.22:814][  0]LogEditorServer: Finished looking for orphan Actors (0.000 secs)
[2018.09.27-04.58.22:824][  0]Cmd: MAP CHECKDEP NOCLEARLOG
[2018.09.27-04.58.22:954][  0]MapCheck: 地图检测完成：0个错误，0 个警告，用时130.945毫秒完成。
[2018.09.27-04.58.22:954][  0]LogFileHelpers: Loading map 'Minimal_Default' took 0.650
[2018.09.27-04.58.23:190][  0]LogCollectionManager: Loaded 0 collections in 0.001871 seconds
[2018.09.27-04.58.23:418][  0]LogFileCache: Scanning file cache for directory 'E:/Unreal Projects/MyProject/Saved/Collections/' took 0.01s
[2018.09.27-04.58.23:418][  0]LogFileCache: Scanning file cache for directory 'E:/Unreal Projects/MyProject/Content/Developers/char/Collections/' took 0.01s
[2018.09.27-04.58.23:418][  0]LogFileCache: Scanning file cache for directory 'E:/Unreal Projects/MyProject/Content/Collections/' took 0.01s
[2018.09.27-04.58.23:418][  0]LogCollectionManager: Rebuilt the GUID cache for 0 collections in 0.000000 seconds
[2018.09.27-04.58.23:426][  0]LogContentBrowser: Native class hierarchy populated in 0.0079 seconds. Added 2363 classes and 519 folders.
[2018.09.27-04.58.23:723][  0]LogContentBrowser: Native class hierarchy updated for 'WidgetCarousel' in 0.0003 seconds. Added 0 classes and 0 folders.
[2018.09.27-04.58.23:790][  0]LogContentBrowser: Native class hierarchy updated for 'AddContentDialog' in 0.0002 seconds. Added 0 classes and 0 folders.
[2018.09.27-04.58.23:981][  0]LogContentBrowser: Native class hierarchy updated for 'SceneOutliner' in 0.0002 seconds. Added 1 classes and 2 folders.
[2018.09.27-04.58.24:003][  0]LogSlate: Took 0.000376 seconds to synchronously load lazily loaded font '../../../Engine/Content/Slate/Fonts/Roboto-Regular.ttf' (155K)
[2018.09.27-04.58.24:008][  0]LogSlate: Took 0.004111 seconds to synchronously load lazily loaded font '../../../Engine/Content/Slate/Fonts/DroidSansFallback.ttf' (3848K)
[2018.09.27-04.58.24:010][  0]LogSlate: Took 0.000546 seconds to synchronously load lazily loaded font '../../../Engine/Content/Slate/Fonts/Roboto-Bold.ttf' (160K)
[2018.09.27-04.58.24:015][  0]LogSlate: Took 0.000431 seconds to synchronously load lazily loaded font '../../../Engine/Content/Editor/Slate/Fonts/FontAwesome.ttf' (139K)
[2018.09.27-04.58.24:324][  0]LogContentBrowser: Native class hierarchy updated for 'HierarchicalLODOutliner' in 0.0003 seconds. Added 1 classes and 2 folders.
[2018.09.27-04.58.24:324][  0]LogLoad: (Engine Initialization) Total time: 55.66 seconds
[2018.09.27-04.58.24:324][  0]LogLoad: (Engine Initialization) Total Blueprint compile time: 0.00 seconds
[2018.09.27-04.58.24:324][  0]LogExternalProfiler: No external profilers were discovered.  External profiling features will not be available.
[2018.09.27-04.58.24:335][  0]LogWindowsTextInputMethodSystem: Display: IME system now deactivated.
[2018.09.27-04.58.24:350][  0]LogAssetRegistry: Asset discovery search completed in 37.8020 seconds
[2018.09.27-04.58.24:351][  0]LogCollectionManager: Rebuilt the object cache for 0 collections in 0.000000 seconds (found 0 objects)
[2018.09.27-04.58.24:351][  0]LogCollectionManager: Fixed up redirectors for 0 collections in 0.000041 seconds (updated 0 objects)
[2018.09.27-04.58.24:354][  0]LogContentStreaming: Texture pool size now 1000 MB
[2018.09.27-04.58.24:439][  0]LogSlate: Took 0.000271 seconds to synchronously load lazily loaded font '../../../Engine/Content/Slate/Fonts/Roboto-Light.ttf' (159K)
[2018.09.27-04.58.24:487][  2]LogRenderer: Reallocating scene render targets to support 964x348 Format 10 NumSamples 1 (Frame:1).
[2018.09.27-04.58.41:500][894]LightingResults: New page: 光照构建
[2018.09.27-04.58.41:501][894]MapCheck: New page: 地图检测
[2018.09.27-04.58.41:501][894]LightingResults: New page: 光照构建
[2018.09.27-04.58.41:511][894]LogAIModule: Creating AISystem for world Untitled
[2018.09.27-04.58.41:513][894]LoadErrors: New page: 新建地图
[2018.09.27-04.58.57:108][737]Cmd: BRUSH ADD SELECTNEWBRUSH
[2018.09.27-04.59.11:853][486]Cmd: TRANSACTION UNDO
[2018.09.27-04.59.11:853][486]LogEditorTransaction: Undo 选择画刷表面
[2018.09.27-04.59.11:882][486]LogSlate: Took 0.000204 seconds to synchronously load lazily loaded font '../../../Engine/Content/Slate/Fonts/Roboto-Light.ttf' (159K)
[2018.09.27-04.59.13:957][730]Cmd: TRANSACTION UNDO
[2018.09.27-04.59.13:957][730]LogEditorTransaction: Undo 选择画刷表面
[2018.09.27-04.59.14:127][748]LogWindowsTextInputMethodSystem: Display: IME system now deactivated.
[2018.09.27-04.59.14:206][748]LogWindowsTextInputMethodSystem: Display: IME system now activated using TSF (中文 - QQ拼音输入法).
[2018.09.27-04.59.15:705][927]Cmd: TRANSACTION UNDO
[2018.09.27-04.59.15:705][927]LogEditorTransaction: Undo 添加型画刷
[2018.09.27-04.59.20:988][557]LogEditorViewport: Clicking Background
[2018.09.27-04.59.21:618][632]Cmd: CAMERA ALIGN ACTIVEVIEWPORTONLY
[2018.09.27-04.59.21:618][632]Can't find target actor or component.
[2018.09.27-04.59.39:964][814]LogEditorViewport: Clicking Background
[2018.09.27-04.59.44:024][156]LightingResults: New page: 光照构建
[2018.09.27-04.59.44:024][156]MapCheck: New page: 地图检测
[2018.09.27-04.59.44:024][156]LightingResults: New page: 光照构建
[2018.09.27-04.59.44:034][156]LogAIModule: Creating AISystem for world Untitled
[2018.09.27-04.59.44:076][156]LoadErrors: New page: 新建地图
[2018.09.27-04.59.44:212][172]LogEditorViewport: Clicking Background
[2018.09.27-04.59.50:128][880]LogEditorViewport: Clicking Background
[2018.09.27-04.59.51:714][ 68]Cmd: BRUSH ADD SELECTNEWBRUSH
[2018.09.27-05.00.00:594][120]Cmd: EDCALLBACK SURFPROPS
[2018.09.27-05.00.01:517][225]Cmd: EDCALLBACK SURFPROPS
[2018.09.27-05.00.02:144][295]Cmd: EDCALLBACK SURFPROPS
[2018.09.27-05.00.03:336][426]Cmd: EDCALLBACK SURFPROPS
[2018.09.27-05.01.03:704][594]Cmd: TRANSACTION UNDO
[2018.09.27-05.01.03:704][594]LogEditorTransaction: Undo 缩放Actor
[2018.09.27-05.01.31:074][799]Cmd: CAMERA ALIGN ACTIVEVIEWPORTONLY
[2018.09.27-05.02.23:389][ 34]LogEditorViewport: Clicking Background
[2018.09.27-05.02.27:308][499]Cmd: CAMERA ALIGN ACTIVEVIEWPORTONLY
[2018.09.27-05.02.28:076][591]LogEditorViewport: Clicking Background
[2018.09.27-05.03.39:143][ 69]Cmd: CAMERA ALIGN ACTIVEVIEWPORTONLY
[2018.09.27-05.03.39:642][125]Cmd: CAMERA ALIGN ACTIVEVIEWPORTONLY
[2018.09.27-05.03.40:672][242]LogEditorViewport: Clicking Background
[2018.09.27-05.03.41:057][287]Cmd: CAMERA ALIGN ACTIVEVIEWPORTONLY
[2018.09.27-05.03.41:057][287]Can't find target actor or component.
[2018.09.27-05.03.41:545][341]Cmd: CAMERA ALIGN ACTIVEVIEWPORTONLY
[2018.09.27-05.03.42:382][441]LogEditorViewport: Clicking Background
[2018.09.27-05.03.50:705][436]LogEditorViewport: Clicking Background
[2018.09.27-05.03.53:088][717]Cmd: CAMERA ALIGN ACTIVEVIEWPORTONLY
[2018.09.27-05.03.53:850][808]LogEditorViewport: Clicking Background
[2018.09.27-05.03.57:948][296]LogEditorViewport: Clicking Background
[2018.09.27-05.04.15:995][410]LogEditorViewport: Clicking Background
[2018.09.27-05.04.17:756][619]LogEditorViewport: Clicking Background
[2018.09.27-05.04.50:992][590]LogEditorViewport: Clicking Background
[2018.09.27-05.05.21:617][231]LogNavigationPoint: PostEditMove Clear paths rebuilt
[2018.09.27-05.05.55:648][ 76]LogEditorViewport: Clicking on Actor (LMB): PlayerStart (PlayerStart)
[2018.09.27-05.05.58:739][435]LogEditorViewport: Clicking on Actor (LMB): LightmassImportanceVolume (LightmassImportanceVolume)
[2018.09.27-05.06.17:578][680]LogEditorViewport: Clicking on Actor (LMB): LightmassImportanceVolume (LightmassImportanceVolume)
[2018.09.27-05.06.22:788][296]LogEditorViewport: Clicking on Actor (LMB): LightmassImportanceVolume (LightmassImportanceVolume)
[2018.09.27-05.08.35:655][303]LogSlate: Took 0.000200 seconds to synchronously load lazily loaded font '../../../Engine/Content/Slate/Fonts/Roboto-Light.ttf' (159K)
[2018.09.27-05.08.35:684][303]Cmd: OBJ SAVEPACKAGE PACKAGE="/Game/NewMap" FILE="E:/Unreal Projects/MyProject/Content/NewMap.umap" SILENT=true AUTOSAVING=false KEEPDIRTY=false
[2018.09.27-05.08.35:726][303]LogSavePackage: Save=29.39ms
[2018.09.27-05.08.35:726][303]LogSavePackage: Moving 'E:/Unreal Projects/MyProject/Saved/NewMap41D45270424673D03EC30499789E2CB2.tmp' to 'E:/Unreal Projects/MyProject/Content/NewMap.umap'
[2018.09.27-05.08.35:727][303]LogSavePackage: Display: Finished SavePackage E:/Unreal Projects/MyProject/Content/NewMap.umap
[2018.09.27-05.08.35:754][303]LogFileHelpers: Saving map 'NewMap' took 0.452
[2018.09.27-05.08.47:446][436]LogActorFactory: Actor Factory created SM_TableRound
[2018.09.27-05.08.48:666][581]LogActorFactory: Actor Factory created SM_TableRound
[2018.09.27-05.08.58:255][705]Cmd: TRANSACTION UNDO
[2018.09.27-05.08.58:255][705]LogEditorTransaction: Undo 移动Actor
[2018.09.27-05.09.18:146][ 42]Cmd: TRANSACTION UNDO
[2018.09.27-05.09.18:146][ 42]LogEditorTransaction: Undo 移动Actor
[2018.09.27-05.09.24:397][771]LogEditorViewport: Clicking Background
[2018.09.27-05.09.30:318][474]LogEditorViewport: Clicking Background
[2018.09.27-05.09.39:757][597]LogNavigationPoint: PostEditMove Clear paths rebuilt
[2018.09.27-05.09.45:337][260]LogNavigationPoint: PostEditMove Clear paths rebuilt
[2018.09.27-05.09.49:266][725]LogNavigationPoint: PostEditMove Clear paths rebuilt
[2018.09.27-05.10.04:162][490]LogEditorViewport: Clicking Background
[2018.09.27-05.10.15:469][815]Cmd: OBJ SAVEPACKAGE PACKAGE="/Game/NewMap" FILE="E:/Unreal Projects/MyProject/Content/NewMap.umap" SILENT=true AUTOSAVING=false KEEPDIRTY=false
[2018.09.27-05.10.15:511][815]LogSavePackage: Save=32.07ms
[2018.09.27-05.10.15:511][815]LogSavePackage: Moving 'E:/Unreal Projects/MyProject/Saved/NewMapF3C698E540003173C9074A82CD6999A6.tmp' to 'E:/Unreal Projects/MyProject/Content/NewMap.umap'
[2018.09.27-05.10.15:513][815]LogSavePackage: Display: Finished SavePackage E:/Unreal Projects/MyProject/Content/NewMap.umap
[2018.09.27-05.10.15:520][815]LogFileHelpers: Saving map 'NewMap' took 0.172
[2018.09.27-11.35.48:983][ 53]LogWindowsTextInputMethodSystem: Display: IME system now deactivated.
[2018.09.27-11.35.48:983][ 53]LogWindowsTextInputMethodSystem: Display: IME system now deactivated.
[2018.09.27-11.36.35:658][506]LogMaterial: Missing cached shader map for material M_Frame, compiling. 
[2018.09.27-11.36.35:845][506]LogActorFactory: Actor Factory created SM_CornerFrame
[2018.09.27-11.36.36:965][620]LogActorFactory: Actor Factory created SM_CornerFrame
[2018.09.27-11.36.38:842][818]Cmd: TRANSACTION UNDO
[2018.09.27-11.36.38:843][818]LogEditorTransaction: Undo 创建Actors
[2018.09.27-11.36.40:051][916]LogActorFactory: Actor Factory created SM_CornerFrame
[2018.09.27-11.36.41:394][ 60]LogActorFactory: Actor Factory created SM_CornerFrame
[2018.09.27-11.36.56:485][820]Cmd: TRANSACTION UNDO
[2018.09.27-11.36.56:485][820]LogEditorTransaction: Undo 缩放Actor
[2018.09.27-11.37.30:798][865]Cmd: TRANSACTION UNDO
[2018.09.27-11.37.30:798][865]LogEditorTransaction: Undo 缩放Actor
[2018.09.27-11.37.31:371][922]Cmd: TRANSACTION UNDO
[2018.09.27-11.37.31:371][922]LogEditorTransaction: Undo 创建Actors
[2018.09.27-11.37.35:026][288]LogActorFactory: Actor Factory created SM_PillarFrame300
[2018.09.27-11.37.35:700][368]LogActorFactory: Actor Factory created SM_PillarFrame300
[2018.09.27-11.37.41:704][ 68]Cmd: TRANSACTION UNDO
[2018.09.27-11.37.41:704][ 68]LogEditorTransaction: Undo 创建Actors
[2018.09.27-11.37.56:573][121]LogMaterial: Missing cached shader map for material M_Door, compiling. 
[2018.09.27-11.37.56:632][121]LogMaterial: Missing cached shader map for material M_Glass, compiling. 
[2018.09.27-11.37.56:754][121]LogActorFactory: Actor Factory created SM_Door
[2018.09.27-11.37.57:836][230]LogActorFactory: Actor Factory created SM_Door
[2018.09.27-11.38.02:563][758]Cmd: TRANSACTION UNDO
[2018.09.27-11.38.02:563][758]LogEditorTransaction: Undo 创建Actors
[2018.09.27-11.38.05:454][955]LogActorFactory: Actor Factory created SM_DoorFrame
[2018.09.27-11.38.06:825][112]LogActorFactory: Actor Factory created SM_DoorFrame
[2018.09.27-11.38.08:369][278]Cmd: TRANSACTION UNDO
[2018.09.27-11.38.08:369][278]LogEditorTransaction: Undo 创建Actors
[2018.09.27-11.38.09:490][371]LogActorFactory: Actor Factory created SM_GlassWindow
[2018.09.27-11.38.10:254][453]LogActorFactory: Actor Factory created SM_GlassWindow
[2018.09.27-11.38.28:264][430]LogEditorViewport: Clicking on Actor (LMB): StaticMeshActor (SM_TableRound)
[2018.09.27-11.38.35:067][168]Cmd: TRANSACTION UNDO
[2018.09.27-11.38.35:067][168]LogEditorTransaction: Undo 移动Actor
[2018.09.27-11.38.52:376][ 56]LogEditorViewport: Clicking on Actor (LMB): StaticMeshActor (SM_GlassWindow)
[2018.09.27-11.39.02:884][225]LogEditorViewport: Clicking on Actor (LMB): StaticMeshActor (SM_GlassWindow)
[2018.09.27-11.39.52:528][107]LogEditorViewport: Clicking on Actor (context menu): StaticMeshActor (SM_GlassWindow)
[2018.09.27-11.40.05:106][552]Cmd: EDIT COPY
[2018.09.27-11.40.12:525][412]LogEditorViewport: Clicking on Actor (LMB): StaticMeshActor (SM_GlassWindow)
[2018.09.27-11.40.16:682][897]Cmd: EDIT COPY
[2018.09.27-11.40.19:494][228]LogEditorViewport: Clicking on Actor (LMB): StaticMeshActor (SM_GlassWindow)
[2018.09.27-11.40.20:251][313]Cmd: EDIT PASTE
[2018.09.27-11.40.22:864][607]Cmd: TRANSACTION UNDO
[2018.09.27-11.40.22:865][607]LogEditorTransaction: Undo 粘帖
[2018.09.27-11.40.25:599][911]Cmd: EDIT PASTE
[2018.09.27-11.40.35:033][ 18]LogEditorViewport: Clicking on Actor (LMB): StaticMeshActor (SM_GlassWindow)
[2018.09.27-11.40.36:028][132]Cmd: DELETE
[2018.09.27-11.40.36:028][132]Cmd: ACTOR DELETE
[2018.09.27-11.40.36:081][132]LogEditorActor: Deleted Actor: StaticMeshActor
[2018.09.27-11.40.36:103][132]LogEditorActor: Deleted 1 Actors (0.055 secs)
[2018.09.27-11.40.36:749][209]LogEditorViewport: Clicking on Actor (LMB): StaticMeshActor (SM_GlassWindow2)
[2018.09.27-11.40.37:282][268]Cmd: DELETE
[2018.09.27-11.40.37:282][268]Cmd: ACTOR DELETE
[2018.09.27-11.40.37:283][268]LogEditorActor: Deleted Actor: StaticMeshActor
[2018.09.27-11.40.37:306][268]LogEditorActor: Deleted 1 Actors (0.024 secs)
[2018.09.27-11.40.45:484][918]LogActorFactory: Actor Factory created SM_PillarFrame300
[2018.09.27-11.40.46:156][998]LogActorFactory: Actor Factory created SM_PillarFrame300
[2018.09.27-11.41.05:735][299]LogEditorViewport: Clicking on Actor (LMB): StaticMeshActor (SM_PillarFrame300)
[2018.09.27-11.41.38:324][152]LogEditorViewport: Clicking on Actor (LMB): StaticMeshActor (SM_PillarFrame300)
[2018.09.27-11.41.39:106][244]Cmd: DELETE
[2018.09.27-11.41.39:106][244]Cmd: ACTOR DELETE
[2018.09.27-11.41.39:107][244]LogEditorActor: Deleted Actor: StaticMeshActor
[2018.09.27-11.41.39:116][244]LogEditorActor: Deleted 1 Actors (0.010 secs)
[2018.09.27-11.41.40:193][373]LogEditorViewport: Clicking on Actor (LMB): StaticMeshActor (SM_PillarFrame301)
[2018.09.27-11.41.40:699][429]Cmd: DELETE
[2018.09.27-11.41.40:699][429]Cmd: ACTOR DELETE
[2018.09.27-11.41.40:700][429]LogEditorActor: Deleted Actor: StaticMeshActor
[2018.09.27-11.41.40:709][429]LogEditorActor: Deleted 1 Actors (0.010 secs)
[2018.09.27-11.41.47:244][182]LogEditorViewport: Clicking on Actor (LMB): AtmosphericFog (AtmosphericFog)
[2018.09.27-11.41.57:393][350]LogEditorViewport: Clicking on Actor (LMB): DirectionalLight (DirectionalLight)
[2018.09.27-11.42.10:588][892]LogEditorViewport: Clicking on Actor (LMB): StaticMeshActor (SM_TableRound)
[2018.09.27-11.42.30:513][180]LogActorFactory: Actor Factory created SM_WindowFrame
[2018.09.27-11.42.31:584][305]LogActorFactory: Actor Factory created SM_WindowFrame
[2018.09.27-11.42.45:758][973]LogEditorViewport: Clicking on Actor (LMB): StaticMeshActor (SM_WindowFrame)
[2018.09.27-11.44.13:214][854]Cmd: OBJ SAVEPACKAGE PACKAGE="/Game/NewMap" FILE="E:/Unreal Projects/MyProject/Saved/Autosaves/Game/NewMap_Auto1.umap" SILENT=true AUTOSAVING=true KEEPDIRTY=false
[2018.09.27-11.44.13:271][854]LogSavePackage: Save=25.15ms
[2018.09.27-11.44.13:271][854]LogSavePackage: Moving 'E:/Unreal Projects/MyProject/Saved/NewMap_Auto1722B699140F672E7940E3BA2DA3BBAF3.tmp' to 'E:/Unreal Projects/MyProject/Saved/Autosaves/Game/NewMap_Auto1.umap'
[2018.09.27-11.44.13:272][854]LogSavePackage: Display: Finished SavePackage E:/Unreal Projects/MyProject/Saved/Autosaves/Game/NewMap_Auto1.umap
[2018.09.27-11.44.13:274][854]LogFileHelpers: Editor autosave (incl. sublevels) for '/Game/NewMap' took 0.101
[2018.09.27-11.44.13:274][854]LogFileHelpers: Editor autosave (incl. sublevels) for all levels took 0.101
[2018.09.27-12.50.35:017][431]Cmd: OBJ SAVEPACKAGE PACKAGE="/Game/NewMap" FILE="E:/Unreal Projects/MyProject/Content/NewMap.umap" SILENT=true AUTOSAVING=false KEEPDIRTY=false
[2018.09.27-12.50.35:071][431]LogSavePackage: Save=39.31ms
[2018.09.27-12.50.35:071][431]LogSavePackage: Moving 'E:/Unreal Projects/MyProject/Saved/NewMap52A56CDF44AF86B8263553806897BBA4.tmp' to 'E:/Unreal Projects/MyProject/Content/NewMap.umap'
[2018.09.27-12.50.35:072][431]LogSavePackage: Display: Finished SavePackage E:/Unreal Projects/MyProject/Content/NewMap.umap
[2018.09.27-12.50.35:084][431]LogFileHelpers: Saving map 'NewMap' took 0.244
[2018.09.27-12.50.36:903][555]Cmd: QUIT_EDITOR
[2018.09.27-12.50.37:066][555]LogWindowsTextInputMethodSystem: Display: IME system now deactivated.
[2018.09.27-12.50.37:451][555]LogExit: Preparing to exit.
[2018.09.27-12.50.40:428][555]LogExit: Editor shut down
[2018.09.27-12.50.40:845][555]LogExit: Transaction tracking system shut down
[2018.09.27-12.50.41:674][555]LogDirectoryWatcher: A directory notification for '../../../Engine/Content/' was aborted.
[2018.09.27-12.50.41:674][555]LogDirectoryWatcher: A directory notification for 'E:/Unreal Projects/MyProject/Content/' was aborted.
[2018.09.27-12.50.41:674][555]LogDirectoryWatcher: A directory notification for '../../../Engine/Plugins/2D/Paper2D/Content/' was aborted.
[2018.09.27-12.50.41:674][555]LogDirectoryWatcher: A directory notification for '../../../Engine/Plugins/Media/MediaCompositing/Content/' was aborted.
[2018.09.27-12.50.41:674][555]LogDirectoryWatcher: A directory notification for '../../../Engine/Plugins/Runtime/AppleARKit/Content/' was aborted.
[2018.09.27-12.50.41:674][555]LogDirectoryWatcher: A directory notification for '../../../Engine/Plugins/Runtime/Oculus/OculusVR/Content/' was aborted.
[2018.09.27-12.50.41:674][555]LogDirectoryWatcher: A directory notification for '../../../Engine/Plugins/Runtime/Steam/SteamVR/Content/' was aborted.
[2018.09.27-12.50.42:653][555]LogExit: Object subsystem successfully closed.
[2018.09.27-12.50.42:916][555]LogD3D11RHI: Shutdown
[2018.09.27-12.50.42:916][555]LogD3D11RHI: CleanupD3DDevice
[2018.09.27-12.50.43:062][555]LogD3D11RHI: ~FD3D11DynamicRHI
[2018.09.27-12.50.43:214][555]LogModuleManager: Shutting down and abandoning module HierarchicalLODUtilities (552)
[2018.09.27-12.50.43:215][555]LogModuleManager: Shutting down and abandoning module NewLevelDialog (550)
[2018.09.27-12.50.43:222][555]LogModuleManager: Shutting down and abandoning module HierarchicalLODOutliner (548)
[2018.09.27-12.50.43:222][555]LogModuleManager: Shutting down and abandoning module SceneOutliner (546)
[2018.09.27-12.50.43:222][555]LogModuleManager: Shutting down and abandoning module AddContentDialog (544)
[2018.09.27-12.50.43:258][555]LogDirectoryWatcher: A directory notification for 'C:/Program Files/Epic Games/UE_4.18/FeaturePacks/' was aborted.
[2018.09.27-12.50.43:508][555]LogModuleManager: Shutting down and abandoning module WidgetCarousel (543)
[2018.09.27-12.50.43:508][555]LogModuleManager: Shutting down and abandoning module EditorWidgets (540)
[2018.09.27-12.50.43:508][555]LogModuleManager: Shutting down and abandoning module CollectionManager (538)
[2018.09.27-12.50.43:509][555]LogDirectoryWatcher: A directory notification for 'E:/Unreal Projects/MyProject/Content/Collections/' was aborted.
[2018.09.27-12.50.43:510][555]LogDirectoryWatcher: A directory notification for 'E:/Unreal Projects/MyProject/Content/Developers/char/Collections/' was aborted.
[2018.09.27-12.50.43:510][555]LogDirectoryWatcher: A directory notification for 'E:/Unreal Projects/MyProject/Saved/Collections/' was aborted.
[2018.09.27-12.50.43:510][555]LogModuleManager: Shutting down and abandoning module StatsViewer (536)
[2018.09.27-12.50.43:517][555]LogModuleManager: Shutting down and abandoning module FoliageEdit (534)
[2018.09.27-12.50.43:518][555]LogModuleManager: Shutting down and abandoning module LandscapeEditor (532)
[2018.09.27-12.50.43:521][555]LogModuleManager: Shutting down and abandoning module MeshPaintMode (530)
[2018.09.27-12.50.43:521][555]LogModuleManager: Shutting down and abandoning module SceneDepthPickerMode (528)
[2018.09.27-12.50.43:521][555]LogModuleManager: Shutting down and abandoning module ActorPickerMode (526)
[2018.09.27-12.50.43:521][555]LogModuleManager: Shutting down and abandoning module GeometryMode (524)
[2018.09.27-12.50.43:521][555]LogModuleManager: Shutting down and abandoning module TextureAlignMode (522)
[2018.09.27-12.50.43:521][555]LogModuleManager: Shutting down and abandoning module BspMode (520)
[2018.09.27-12.50.43:521][555]LogModuleManager: Shutting down and abandoning module PIEPreviewDeviceProfileSelector (518)
[2018.09.27-12.50.43:521][555]LogModuleManager: Shutting down and abandoning module HardwareSurvey (516)
[2018.09.27-12.50.43:521][555]LogModuleManager: Shutting down and abandoning module SequenceRecorderSections (514)
[2018.09.27-12.50.43:522][555]LogModuleManager: Shutting down and abandoning module AutomationWorker (512)
[2018.09.27-12.50.43:522][555]LogModuleManager: Shutting down and abandoning module MatineeToLevelSequence (510)
[2018.09.27-12.50.43:522][555]LogModuleManager: Shutting down and abandoning module LevelSequenceEditor (508)
[2018.09.27-12.50.43:551][555]LogModuleManager: Shutting down and abandoning module PlacementMode (507)
[2018.09.27-12.50.43:552][555]LogModuleManager: Shutting down and abandoning module WmfMediaFactory (504)
[2018.09.27-12.50.43:552][555]LogModuleManager: Shutting down and abandoning module WmfMediaEditor (502)
[2018.09.27-12.50.43:552][555]LogModuleManager: Shutting down and abandoning module OpenExrWrapper (500)
[2018.09.27-12.50.43:552][555]LogModuleManager: Shutting down and abandoning module ImgMediaFactory (498)
[2018.09.27-12.50.43:552][555]LogModuleManager: Shutting down and abandoning module ImgMediaEditor (496)
[2018.09.27-12.50.43:552][555]LogModuleManager: Shutting down and abandoning module AvfMediaFactory (494)
[2018.09.27-12.50.43:552][555]LogModuleManager: Shutting down and abandoning module AvfMediaEditor (492)
[2018.09.27-12.50.43:552][555]LogModuleManager: Shutting down and abandoning module AndroidMediaFactory (490)
[2018.09.27-12.50.43:552][555]LogModuleManager: Shutting down and abandoning module AndroidMediaEditor (488)
[2018.09.27-12.50.43:552][555]LogModuleManager: Shutting down and abandoning module CharacterAI (486)
[2018.09.27-12.50.43:553][555]LogModuleManager: Shutting down and abandoning module AudioCapture (484)
[2018.09.27-12.50.43:554][555]LogModuleManager: Shutting down and abandoning module SequenceRecorder (483)
[2018.09.27-12.50.43:555][555]LogModuleManager: Shutting down and abandoning module SmartSnapping (480)
[2018.09.27-12.50.43:555][555]LogModuleManager: Shutting down and abandoning module SessionServices (478)
[2018.09.27-12.50.43:555][555]LogModuleManager: Shutting down and abandoning module ViewportSnapping (476)
[2018.09.27-12.50.43:555][555]LogModuleManager: Shutting down and abandoning module ViewportInteraction (474)
[2018.09.27-12.50.43:555][555]LogModuleManager: Shutting down and abandoning module ClothPainter (472)
[2018.09.27-12.50.43:557][555]LogModuleManager: Shutting down and abandoning module SkeletalMeshEditor (471)
[2018.09.27-12.50.43:561][555]LogModuleManager: Shutting down and abandoning module LogVisualizer (468)
[2018.09.27-12.50.43:563][555]LogModuleManager: Shutting down and abandoning module IntroTutorials (466)
[2018.09.27-12.50.43:576][555]LogModuleManager: Shutting down and abandoning module GameProjectGeneration (465)
[2018.09.27-12.50.43:579][555]LogModuleManager: Shutting down and abandoning module IOSPlatformEditor (462)
[2018.09.27-12.50.43:587][555]LogModuleManager: Shutting down and abandoning module HTML5PlatformEditor (460)
[2018.09.27-12.50.43:587][555]LogModuleManager: Shutting down and abandoning module AndroidPlatformEditor (458)
[2018.09.27-12.50.43:587][555]LogModuleManager: Shutting down and abandoning module AndroidDeviceDetection (457)
[2018.09.27-12.50.43:931][555]LogModuleManager: Shutting down and abandoning module WindowsPlatformEditor (454)
[2018.09.27-12.50.43:931][555]LogModuleManager: Shutting down and abandoning module IOSRuntimeSettings (452)
[2018.09.27-12.50.43:931][555]LogModuleManager: Shutting down and abandoning module AndroidRuntimeSettings (450)
[2018.09.27-12.50.43:931][555]LogModuleManager: Shutting down and abandoning module InputBindingEditor (448)
[2018.09.27-12.50.43:932][555]LogModuleManager: Shutting down and abandoning module MergeActors (446)
[2018.09.27-12.50.43:934][555]LogModuleManager: Shutting down and abandoning module SizeMap (444)
[2018.09.27-12.50.43:948][555]LogModuleManager: Shutting down and abandoning module TreeMap (442)
[2018.09.27-12.50.43:950][555]LogModuleManager: Shutting down and abandoning module ReferenceViewer (440)
[2018.09.27-12.50.43:950][555]LogModuleManager: Shutting down and abandoning module LocalizationDashboard (438)
[2018.09.27-12.50.43:975][555]LogModuleManager: Shutting down and abandoning module LocalizationService (437)
[2018.09.27-12.50.43:975][555]LogModuleManager: Shutting down and abandoning module HardwareTargeting (434)
[2018.09.27-12.50.43:975][555]LogModuleManager: Shutting down and abandoning module DeviceProfileEditor (432)
[2018.09.27-12.50.43:975][555]LogModuleManager: Shutting down and abandoning module UndoHistory (430)
[2018.09.27-12.50.43:975][555]LogModuleManager: Shutting down and abandoning module XmlParser (428)
[2018.09.27-12.50.44:006][555]LogModuleManager: Shutting down and abandoning module Blutility (426)
[2018.09.27-12.50.44:006][555]LogModuleManager: Shutting down and abandoning module ProjectSettingsViewer (424)
[2018.09.27-12.50.44:015][555]LogModuleManager: Shutting down and abandoning module ProjectTargetPlatformEditor (423)
[2018.09.27-12.50.44:033][555]LogModuleManager: Shutting down and abandoning module EditorSettingsViewer (420)
[2018.09.27-12.50.44:034][555]LogModuleManager: Shutting down and abandoning module SettingsEditor (418)
[2018.09.27-12.50.44:035][555]LogModuleManager: Shutting down and abandoning module ProjectLauncher (416)
[2018.09.27-12.50.44:036][555]LogModuleManager: Shutting down and abandoning module SessionFrontend (414)
[2018.09.27-12.50.44:037][555]LogModuleManager: Shutting down and abandoning module ProfilerClient (412)
[2018.09.27-12.50.44:038][555]LogModuleManager: Shutting down and abandoning module DeviceManager (410)
[2018.09.27-12.50.44:039][555]LogModuleManager: Shutting down and abandoning module TargetDeviceServices (409)
[2018.09.27-12.50.44:155][555]LogModuleManager: Shutting down and abandoning module AutomationController (406)
[2018.09.27-12.50.44:157][555]LogModuleManager: Shutting down and abandoning module AutomationWindow (404)
[2018.09.27-12.50.44:159][555]LogModuleManager: Shutting down and abandoning module Layers (402)
[2018.09.27-12.50.44:161][555]LogModuleManager: Shutting down and abandoning module ComponentVisualizers (400)
[2018.09.27-12.50.44:161][555]LogModuleManager: Shutting down and abandoning module DetailCustomizations (398)
[2018.09.27-12.50.44:162][555]LogModuleManager: Shutting down and abandoning module PackagesDialog (396)
[2018.09.27-12.50.44:163][555]LogModuleManager: Shutting down and abandoning module Persona (394)
[2018.09.27-12.50.44:186][555]LogModuleManager: Shutting down and abandoning module AdvancedPreviewScene (393)
[2018.09.27-12.50.44:187][555]LogModuleManager: Shutting down and abandoning module AnimGraph (391)
[2018.09.27-12.50.44:191][555]LogModuleManager: Shutting down and abandoning module Kismet (388)
[2018.09.27-12.50.44:193][555]LogModuleManager: Shutting down and abandoning module ClassViewer (386)
[2018.09.27-12.50.44:193][555]LogModuleManager: Shutting down and abandoning module Toolbox (384)
[2018.09.27-12.50.44:193][555]LogModuleManager: Shutting down and abandoning module ModuleUI (382)
[2018.09.27-12.50.44:194][555]LogModuleManager: Shutting down and abandoning module MovieSceneTools (380)
[2018.09.27-12.50.44:196][555]LogModuleManager: Shutting down and abandoning module OutputLog (378)
[2018.09.27-12.50.44:197][555]LogModuleManager: Shutting down and abandoning module GammaUI (376)
[2018.09.27-12.50.44:198][555]LogModuleManager: Shutting down and abandoning module Documentation (374)
[2018.09.27-12.50.44:198][555]LogModuleManager: Shutting down and abandoning module MovieSceneTracks (372)
[2018.09.27-12.50.44:198][555]LogModuleManager: Shutting down and abandoning module MovieScene (370)
[2018.09.27-12.50.44:198][555]LogModuleManager: Shutting down and abandoning module StreamingPauseRendering (368)
[2018.09.27-12.50.44:198][555]LogModuleManager: Shutting down and abandoning module LauncherPlatform (366)
[2018.09.27-12.50.44:198][555]LogModuleManager: Shutting down and abandoning module AnalyticsET (364)
[2018.09.27-12.50.44:198][555]LogModuleManager: Shutting down and abandoning module PortalServices (362)
[2018.09.27-12.50.44:199][555]LogModuleManager: Shutting down and abandoning module PortalRpc (360)
[2018.09.27-12.50.44:199][555]LogModuleManager: Shutting down and abandoning module MessagingRpc (358)
[2018.09.27-12.50.44:199][555]LogModuleManager: Shutting down and abandoning module AIModule (356)
[2018.09.27-12.50.44:199][555]LogModuleManager: Shutting down and abandoning module GameplayDebugger (355)
[2018.09.27-12.50.44:201][555]LogModuleManager: Shutting down and abandoning module AITestSuite (353)
[2018.09.27-12.50.44:202][555]LogModuleManager: Shutting down and abandoning module DesktopPlatform (350)
[2018.09.27-12.50.44:202][555]LogModuleManager: Shutting down and abandoning module ProfilerService (348)
[2018.09.27-12.50.44:301][555]LogModuleManager: Shutting down and abandoning module TaskGraph (346)
[2018.09.27-12.50.44:304][555]LogModuleManager: Shutting down and abandoning module SteamVRController (344)
[2018.09.27-12.50.44:304][555]LogModuleManager: Shutting down and abandoning module ProceduralMeshComponentEditor (342)
[2018.09.27-12.50.44:304][555]LogModuleManager: Shutting down and abandoning module ProceduralMeshComponent (340)
[2018.09.27-12.50.44:304][555]LogModuleManager: Shutting down and abandoning module OculusInput (338)
[2018.09.27-12.50.44:305][555]LogModuleManager: Shutting down and abandoning module MobilePatchingUtils (336)
[2018.09.27-12.50.44:305][555]LogModuleManager: Shutting down and abandoning module CustomMeshComponent (334)
[2018.09.27-12.50.44:305][555]LogModuleManager: Shutting down and abandoning module CableComponent (332)
[2018.09.27-12.50.44:305][555]LogModuleManager: Shutting down and abandoning module ArchVisCharacter (330)
[2018.09.27-12.50.44:305][555]LogModuleManager: Shutting down and abandoning module AndroidPermission (328)
[2018.09.27-12.50.44:305][555]LogModuleManager: Shutting down and abandoning module ActorSequence (324)
[2018.09.27-12.50.44:305][555]LogModuleManager: Shutting down and abandoning module MediaPlayerEditor (322)
[2018.09.27-12.50.44:311][555]LogModuleManager: Shutting down and abandoning module MediaCompositingEditor (320)
[2018.09.27-12.50.44:311][555]LogModuleManager: Shutting down and abandoning module MediaCompositing (318)
[2018.09.27-12.50.44:311][555]LogModuleManager: Shutting down and abandoning module HTML5Networking (316)
[2018.09.27-12.50.44:311][555]LogModuleManager: Shutting down and abandoning module AlembicImporter (314)
[2018.09.27-12.50.44:312][555]LogModuleManager: Shutting down and abandoning module AlembicLibrary (313)
[2018.09.27-12.50.44:312][555]LogModuleManager: Shutting down and abandoning module GeometryCache (312)
[2018.09.27-12.50.44:312][555]LogModuleManager: Shutting down and abandoning module GeometryCacheEd (311)
[2018.09.27-12.50.44:312][555]LogModuleManager: Shutting down and abandoning module SpeedTreeImporter (306)
[2018.09.27-12.50.44:312][555]LogModuleManager: Shutting down and abandoning module PluginBrowser (304)
[2018.09.27-12.50.44:316][555]LogModuleManager: Shutting down and abandoning module MobileLauncherProfileWizard (302)
[2018.09.27-12.50.44:317][555]LogModuleManager: Shutting down and abandoning module VisualStudioSourceCodeAccess (300)
[2018.09.27-12.50.44:317][555]LogModuleManager: Shutting down and abandoning module VisualStudioCodeSourceCodeAccess (298)
[2018.09.27-12.50.44:317][555]LogModuleManager: Shutting down and abandoning module UObjectPlugin (296)
[2018.09.27-12.50.44:317][555]LogModuleManager: Shutting down and abandoning module SubversionSourceControl (294)
[2018.09.27-12.50.44:318][555]LogModuleManager: Shutting down and abandoning module PerforceSourceControl (292)
[2018.09.27-12.50.44:385][555]LogModuleManager: Shutting down and abandoning module GitSourceControl (290)
[2018.09.27-12.50.44:386][555]LogModuleManager: Shutting down and abandoning module SourceControl (289)
[2018.09.27-12.50.44:388][555]LogModuleManager: Shutting down and abandoning module LightPropagationVolumeEditor (286)
[2018.09.27-12.50.44:388][555]LogModuleManager: Shutting down and abandoning module PaperTiledImporter (284)
[2018.09.27-12.50.44:388][555]LogModuleManager: Shutting down and abandoning module PaperSpriteSheetImporter (282)
[2018.09.27-12.50.44:388][555]LogModuleManager: Shutting down and abandoning module Paper2DEditor (280)
[2018.09.27-12.50.44:391][555]LogModuleManager: Shutting down and abandoning module MeshPaint (279)
[2018.09.27-12.50.44:392][555]LogModuleManager: Shutting down and abandoning module LevelEditor (277)
[2018.09.27-12.50.44:399][555]LogModuleManager: Shutting down and abandoning module PixelInspectorModule (276)
[2018.09.27-12.50.44:407][555]LogModuleManager: Shutting down and abandoning module MainFrame (274)
[2018.09.27-12.50.44:407][555]LogModuleManager: Shutting down and abandoning module HotReload (273)
[2018.09.27-12.50.44:408][555]LogModuleManager: Shutting down and abandoning module RuntimePhysXCooking (268)
[2018.09.27-12.50.44:408][555]LogModuleManager: Shutting down and abandoning module PhysXVehiclesEditor (266)
[2018.09.27-12.50.44:408][555]LogModuleManager: Shutting down and abandoning module PhysXVehicles (264)
[2018.09.27-12.50.44:408][555]LogModuleManager: Shutting down and abandoning module OculusEditor (262)
[2018.09.27-12.50.44:408][555]LogModuleManager: Shutting down and abandoning module LocationServicesBPLibrary (260)
[2018.09.27-12.50.44:408][555]LogModuleManager: Shutting down and abandoning module ImmediatePhysicsEditor (258)
[2018.09.27-12.50.44:408][555]LogModuleManager: Shutting down and abandoning module ImmediatePhysics (256)
[2018.09.27-12.50.44:410][555]LogModuleManager: Shutting down and abandoning module UdpMessaging (254)
[2018.09.27-12.50.44:511][555]LogModuleManager: Shutting down and abandoning module TcpMessaging (252)
[2018.09.27-12.50.44:613][555]LogModuleManager: Shutting down and abandoning module GameplayTagsEditor (250)
[2018.09.27-12.50.44:615][555]LogModuleManager: Shutting down and abandoning module FacialAnimationEditor (248)
[2018.09.27-12.50.44:615][555]LogModuleManager: Shutting down and abandoning module FacialAnimation (246)
[2018.09.27-12.50.44:615][555]LogModuleManager: Shutting down and abandoning module AssetManagerEditor (244)
[2018.09.27-12.50.44:617][555]LogModuleManager: Shutting down and abandoning module GraphEditor (243)
[2018.09.27-12.50.44:635][555]LogModuleManager: Shutting down and abandoning module ContentBrowser (241)
[2018.09.27-12.50.44:655][555]LogModuleManager: Shutting down and abandoning module LightPropagationVolumeRuntime (238)
[2018.09.27-12.50.44:655][555]LogModuleManager: Shutting down and abandoning module Paper2D (236)
[2018.09.27-12.50.44:655][555]LogModuleManager: Shutting down and abandoning module WindowsMoviePlayer (234)
[2018.09.27-12.50.44:656][555]LogModuleManager: Shutting down and abandoning module WmfMedia (232)
[2018.09.27-12.50.44:657][555]LogModuleManager: Shutting down and abandoning module ImgMedia (230)
[2018.09.27-12.50.44:657][555]LogModuleManager: Shutting down and abandoning module PacketHandler (228)
[2018.09.27-12.50.44:657][555]LogModuleManager: Shutting down and abandoning module ClothingSystemEditor (226)
[2018.09.27-12.50.44:657][555]LogModuleManager: Shutting down and abandoning module ClothingSystemRuntime (224)
[2018.09.27-12.50.44:672][555]LogModuleManager: Shutting down and abandoning module MediaAssets (222)
[2018.09.27-12.50.44:672][555]LogModuleManager: Shutting down and abandoning module Media (221)
[2018.09.27-12.50.44:678][555]LogModuleManager: Shutting down and abandoning module Overlay (218)
[2018.09.27-12.50.44:678][555]LogModuleManager: Shutting down and abandoning module OverlayEditor (217)
[2018.09.27-12.50.44:678][555]LogModuleManager: Shutting down and abandoning module VREditor (214)
[2018.09.27-12.50.44:681][555]LogModuleManager: Shutting down and abandoning module StringTableEditor (212)
[2018.09.27-12.50.44:682][555]LogModuleManager: Shutting down and abandoning module GameplayTasksEditor (210)
[2018.09.27-12.50.44:682][555]LogModuleManager: Shutting down and abandoning module BehaviorTreeEditor (208)
[2018.09.27-12.50.44:684][555]LogModuleManager: Shutting down and abandoning module FunctionalTesting (206)
[2018.09.27-12.50.44:685][555]LogModuleManager: Shutting down and abandoning module CollisionAnalyzer (204)
[2018.09.27-12.50.44:687][555]LogModuleManager: Shutting down and abandoning module WorkspaceMenuStructure (203)
[2018.09.27-12.50.44:687][555]LogModuleManager: Shutting down and abandoning module UMG (200)
[2018.09.27-12.50.44:688][555]LogModuleManager: Shutting down and abandoning module UMGEditor (199)
[2018.09.27-12.50.44:692][555]LogModuleManager: Shutting down and abandoning module Sequencer (198)
[2018.09.27-12.50.44:716][555]LogModuleManager: Shutting down and abandoning module MessageLog (195)
[2018.09.27-12.50.44:716][555]LogModuleManager: Shutting down and abandoning module SlateReflector (190)
[2018.09.27-12.50.44:722][555]LogModuleManager: Shutting down and abandoning module Slate (188)
[2018.09.27-12.50.44:722][555]LogModuleManager: Shutting down and abandoning module EditorStyle (186)
[2018.09.27-12.50.44:729][555]LogModuleManager: Shutting down and abandoning module MRMesh (184)
[2018.09.27-12.50.44:729][555]LogModuleManager: Shutting down and abandoning module SourceCodeAccess (182)
[2018.09.27-12.50.44:729][555]LogModuleManager: Shutting down and abandoning module HeadMountedDisplay (180)
[2018.09.27-12.50.44:729][555]LogModuleManager: Shutting down and abandoning module XAudio2 (178)
[2018.09.27-12.50.44:729][555]LogModuleManager: Shutting down and abandoning module Networking (176)
[2018.09.27-12.50.44:734][555]LogModuleManager: Shutting down and abandoning module Core (172)
[2018.09.27-12.50.44:734][555]LogModuleManager: Shutting down and abandoning module LevelSequence (168)
[2018.09.27-12.50.44:735][555]LogModuleManager: Shutting down and abandoning module DirectoryWatcher (166)
[2018.09.27-12.50.44:742][555]LogModuleManager: Shutting down and abandoning module KismetCompiler (164)
[2018.09.27-12.50.44:758][555]LogModuleManager: Shutting down and abandoning module MeshUtilities (162)
[2018.09.27-12.50.44:760][555]LogModuleManager: Shutting down and abandoning module MeshMergeUtilities (161)
[2018.09.27-12.50.44:761][555]LogModuleManager: Shutting down and abandoning module MeshReductionInterface (160)
[2018.09.27-12.50.44:761][555]LogModuleManager: Shutting down and abandoning module SimplygonSwarm (159)
[2018.09.27-12.50.44:763][555]LogModuleManager: Shutting down and abandoning module SimplygonMeshReduction (157)
[2018.09.27-12.50.44:763][555]LogModuleManager: Shutting down and abandoning module QuadricMeshReduction (155)
[2018.09.27-12.50.44:763][555]LogModuleManager: Shutting down and abandoning module MaterialBaking (151)
[2018.09.27-12.50.44:764][555]LogModuleManager: Shutting down and abandoning module DerivedDataCache (148)
[2018.09.27-12.50.44:822][555]LogDerivedDataCache: Shutdown
[2018.09.27-12.50.44:822][555]LogModuleManager: Shutting down and abandoning module TargetPlatform (146)
[2018.09.27-12.50.44:842][555]LogModuleManager: Shutting down and abandoning module VulkanShaderFormat (145)
[2018.09.27-12.50.44:843][555]LogModuleManager: Shutting down and abandoning module ShaderFormatVectorVM (143)
[2018.09.27-12.50.44:843][555]LogModuleManager: Shutting down and abandoning module ShaderFormatOpenGL (141)
[2018.09.27-12.50.44:844][555]LogModuleManager: Shutting down and abandoning module ShaderFormatD3D (139)
[2018.09.27-12.50.44:845][555]LogModuleManager: Shutting down and abandoning module MetalShaderFormat (137)
[2018.09.27-12.50.44:845][555]LogModuleManager: Shutting down and abandoning module TextureFormatUncompressed (135)
[2018.09.27-12.50.44:845][555]LogModuleManager: Shutting down and abandoning module TextureFormatPVR (133)
[2018.09.27-12.50.44:845][555]LogModuleManager: Shutting down and abandoning module TextureFormatDXT (131)
[2018.09.27-12.50.44:846][555]LogModuleManager: Shutting down and abandoning module TextureFormatIntelISPCTexComp (129)
[2018.09.27-12.50.44:856][555]LogModuleManager: Shutting down and abandoning module TextureFormatASTC (127)
[2018.09.27-12.50.44:857][555]LogModuleManager: Shutting down and abandoning module ImageWrapper (126)
[2018.09.27-12.50.44:857][555]LogModuleManager: Shutting down and abandoning module TextureFormatAndroid (123)
[2018.09.27-12.50.44:857][555]LogModuleManager: Shutting down and abandoning module AudioFormatOpus (121)
[2018.09.27-12.50.44:857][555]LogModuleManager: Shutting down and abandoning module AudioFormatOgg (119)
[2018.09.27-12.50.44:857][555]LogModuleManager: Shutting down and abandoning module AudioFormatADPCM (117)
[2018.09.27-12.50.44:857][555]LogModuleManager: Shutting down and abandoning module LinuxTargetPlatform (115)
[2018.09.27-12.50.44:869][555]LogModuleManager: Shutting down and abandoning module LinuxServerTargetPlatform (113)
[2018.09.27-12.50.44:869][555]LogModuleManager: Shutting down and abandoning module LinuxNoEditorTargetPlatform (111)
[2018.09.27-12.50.44:869][555]LogModuleManager: Shutting down and abandoning module LinuxClientTargetPlatform (109)
[2018.09.27-12.50.44:869][555]LogModuleManager: Shutting down and abandoning module TVOSTargetPlatform (107)
[2018.09.27-12.50.44:869][555]LogModuleManager: Shutting down and abandoning module Messaging (105)
[2018.09.27-12.50.44:871][555]LogModuleManager: Shutting down and abandoning module IOSTargetPlatform (103)
[2018.09.27-12.50.44:871][555]LogModuleManager: Shutting down and abandoning module HTML5TargetPlatform (101)
[2018.09.27-12.50.44:871][555]LogModuleManager: Shutting down and abandoning module AndroidTargetPlatform (99)
[2018.09.27-12.50.44:923][555]LogModuleManager: Shutting down and abandoning module Android_PVRTCTargetPlatform (97)
[2018.09.27-12.50.44:923][555]LogModuleManager: Shutting down and abandoning module Android_MultiTargetPlatform (95)
[2018.09.27-12.50.44:923][555]LogModuleManager: Shutting down and abandoning module Android_ETC2TargetPlatform (93)
[2018.09.27-12.50.44:923][555]LogModuleManager: Shutting down and abandoning module Android_ETC1TargetPlatform (91)
[2018.09.27-12.50.44:976][555]LogModuleManager: Shutting down and abandoning module Android_DXTTargetPlatform (89)
[2018.09.27-12.50.44:976][555]LogModuleManager: Shutting down and abandoning module Android_ATCTargetPlatform (87)
[2018.09.27-12.50.44:976][555]LogModuleManager: Shutting down and abandoning module Android_ASTCTargetPlatform (85)
[2018.09.27-12.50.44:976][555]LogModuleManager: Shutting down and abandoning module WindowsTargetPlatform (83)
[2018.09.27-12.50.44:976][555]LogModuleManager: Shutting down and abandoning module WindowsServerTargetPlatform (81)
[2018.09.27-12.50.44:976][555]LogModuleManager: Shutting down and abandoning module WindowsNoEditorTargetPlatform (79)
[2018.09.27-12.50.44:976][555]LogModuleManager: Shutting down and abandoning module WindowsClientTargetPlatform (77)
[2018.09.27-12.50.44:976][555]LogModuleManager: Shutting down and abandoning module MacTargetPlatform (75)
[2018.09.27-12.50.44:994][555]LogModuleManager: Shutting down and abandoning module MacServerTargetPlatform (73)
[2018.09.27-12.50.44:994][555]LogModuleManager: Shutting down and abandoning module MacNoEditorTargetPlatform (71)
[2018.09.27-12.50.44:994][555]LogModuleManager: Shutting down and abandoning module MacClientTargetPlatform (69)
[2018.09.27-12.50.44:994][555]LogModuleManager: Shutting down and abandoning module AllDesktopTargetPlatform (67)
[2018.09.27-12.50.44:994][555]LogModuleManager: Shutting down and abandoning module InputCore (64)
[2018.09.27-12.50.44:994][555]LogModuleManager: Shutting down and abandoning module Settings (62)
[2018.09.27-12.50.44:994][555]LogModuleManager: Shutting down and abandoning module PhysXCooking (60)
[2018.09.27-12.50.44:994][555]LogModuleManager: Shutting down and abandoning module SteamVR (58)
[2018.09.27-12.50.44:994][555]LogModuleManager: Shutting down and abandoning module OculusHMD (56)
[2018.09.27-12.50.44:995][555]LogModuleManager: Shutting down and abandoning module ExampleDeviceProfileSelector (54)
[2018.09.27-12.50.44:999][555]LogModuleManager: Shutting down and abandoning module AppleARKit (52)
[2018.09.27-12.50.44:999][555]LogModuleManager: Shutting down and abandoning module AugmentedReality (51)
[2018.09.27-12.50.44:999][555]LogModuleManager: Shutting down and abandoning module OnlineBlueprintSupport (48)
[2018.09.27-12.50.44:999][555]LogModuleManager: Shutting down and abandoning module OnlineSubsystem (44)
[2018.09.27-12.50.45:009][555]LogModuleManager: Shutting down and abandoning module XMPP (43)
[2018.09.27-12.50.45:019][555]LogModuleManager: Shutting down and abandoning module HTTP (41)
[2018.09.27-12.50.45:019][555]LogHttp: Display: Http module shutting down, but needs to wait on 1 outstanding Http requests:
[2018.09.27-12.50.45:020][555]LogHttp: Display: 	verb=[POST] url=[https://datarouter.ol.epicgames.com/datarouter/api/v1/public/data?SessionID=%7BBC917916-41DA-8FFA-89BB-9E8AC5D63E0F%7D&AppID=UEEditor.Rocket.Release&AppVersion=4.18.2-3794801%2B%2B%2BUE4%2BRelease-4.18&UserID=eda487f34c168682b81fb3b1c5b16e67%7Cf7a37c2ad7354b0996ba25b4dcd157a1%7C850ae0d9-309c-450e-a613-6bd220dfa88f&AppEnvironment=datacollector-binary&UploadType=eteventstream] status=Processing
[2018.09.27-12.50.45:112][555]LogModuleManager: Shutting down and abandoning module SSL (40)
[2018.09.27-12.50.45:183][555]LogModuleManager: Shutting down and abandoning module AnimationModifiers (36)
[2018.09.27-12.50.45:184][555]LogModuleManager: Shutting down and abandoning module PropertyEditor (35)
[2018.09.27-12.50.45:184][555]LogModuleManager: Shutting down and abandoning module AudioEditor (32)
[2018.09.27-12.50.45:185][555]LogModuleManager: Shutting down and abandoning module TextureCompressor (30)
[2018.09.27-12.50.45:219][555]LogModuleManager: Shutting down and abandoning module ShaderCore (28)
[2018.09.27-12.50.45:219][555]LogModuleManager: Shutting down and abandoning module Landscape (26)
[2018.09.27-12.50.45:219][555]LogModuleManager: Shutting down and abandoning module SlateRHIRenderer (24)
[2018.09.27-12.50.45:611][555]LogModuleManager: Shutting down and abandoning module OpenGLDrv (22)
[2018.09.27-12.50.45:624][555]LogModuleManager: Shutting down and abandoning module D3D11RHI (20)
[2018.09.27-12.50.45:624][555]LogModuleManager: Shutting down and abandoning module AnimGraphRuntime (18)
[2018.09.27-12.50.45:629][555]LogModuleManager: Shutting down and abandoning module Renderer (16)
[2018.09.27-12.50.45:629][555]LogModuleManager: Shutting down and abandoning module Engine (14)
[2018.09.27-12.50.45:630][555]LogModuleManager: Shutting down and abandoning module CoreUObject (12)
[2018.09.27-12.50.45:630][555]LogModuleManager: Shutting down and abandoning module NetworkFile (10)
[2018.09.27-12.50.45:631][555]LogModuleManager: Shutting down and abandoning module CookedIterativeFile (8)
[2018.09.27-12.50.45:631][555]LogModuleManager: Shutting down and abandoning module StreamingFile (6)
[2018.09.27-12.50.45:631][555]LogModuleManager: Shutting down and abandoning module SandboxFile (4)
[2018.09.27-12.50.45:631][555]LogModuleManager: Shutting down and abandoning module PakFile (2)
[2018.09.27-12.50.45:739][555]LogExit: Exiting.
[2018.09.27-12.50.46:063][555]Log file closed, 09/27/18 20:50:46
